[10:56:18] ---- BEAUTYQUESTS LOGGER - OPENED Fri Apr 21 10:56:18 UTC 2023 ----
[10:56:33] [INFO] Enabling BeautyQuests v0.20.1
[10:56:33] [INFO] ------------ BeautyQuests ------------
[10:56:33] [DEBUG] Paper detected.
[10:56:33] [DEBUG] Hooked into [Citizens] v2.0.31-SNAPSHOT (build 3037)
[10:56:33] [DEBUG] Hooked into [WorldGuard] v7.0.8-beta-01+cbb2ba7
[10:56:33] [DEBUG] Hooked into [MythicMobs] v5.2.1-fd1d0777
[10:56:33] [DEBUG] Hooked into [Vault] v1.7.3-b131
[10:56:33] [DEBUG] Hooked into [mcMMO] v2.1.220-SNAPSHOT
[10:56:33] [INFO] Loaded valid Minecraft version 1_19_R3.
[10:56:33] [DEBUG] Loading data file, last time edited : Thu Apr 20 20:03:10 UTC 2023
[10:56:33] [DEBUG] Unavailable string in config for key inv.mobSelect.advancedSpawners
[10:56:33] [INFO] Loaded language en_US (0.035s)!
[10:56:33] [INFO] Loaded start particles: REDSTONE in shape POINT with color R255 G255 B0
[10:56:33] [INFO] Loaded talk particles: VILLAGER_HAPPY in shape BAR
[10:56:33] [INFO] Loaded next particles: SMOKE_NORMAL in shape SPOT
[10:56:33] [DEBUG] Initlializing default stage types.
[10:56:33] [DEBUG] Stage registered (Talk, 0)
[10:56:33] [DEBUG] Stage registered (Items, 1)
[10:56:33] [DEBUG] Stage registered (Mobs, 2)
[10:56:33] [DEBUG] Stage registered (Mine, 3)
[10:56:33] [DEBUG] Stage registered (Place, 4)
[10:56:33] [DEBUG] Stage registered (Chat, 5)
[10:56:33] [DEBUG] Stage registered (Interact, 6)
[10:56:33] [DEBUG] Stage registered (Fish, 7)
[10:56:33] [DEBUG] Stage registered (Melt, 8)
[10:56:33] [DEBUG] Stage registered (Enchant, 9)
[10:56:33] [DEBUG] Stage registered (Craft, 10)
[10:56:33] [DEBUG] Stage registered (Bucket, 11)
[10:56:33] [DEBUG] Stage registered (Location, 12)
[10:56:33] [DEBUG] Stage registered (PlayTime, 13)
[10:56:33] [DEBUG] Stage registered (Breed, 14)
[10:56:33] [DEBUG] Stage registered (Tame, 15)
[10:56:33] [DEBUG] Stage registered (Death, 16)
[10:56:33] [DEBUG] Stage registered (DealDamage, 17)
[10:56:33] [DEBUG] Stage registered (EatDrink, 18)
[10:56:33] [DEBUG] Initlializing default rewards.
[10:56:33] [DEBUG] Quest object registered in registry rewards (id: commandReward, class: fr.skytasul.quests.rewards.CommandReward)
[10:56:33] [DEBUG] Quest object registered in registry rewards (id: itemReward, class: fr.skytasul.quests.rewards.ItemReward)
[10:56:33] [DEBUG] Quest object registered in registry rewards (id: removeItemsReward, class: fr.skytasul.quests.rewards.RemoveItemsReward)
[10:56:33] [DEBUG] Quest object registered in registry rewards (id: textReward, class: fr.skytasul.quests.rewards.MessageReward)
[10:56:33] [DEBUG] Quest object registered in registry rewards (id: tpReward, class: fr.skytasul.quests.rewards.TeleportationReward)
[10:56:33] [DEBUG] Quest object registered in registry rewards (id: expReward, class: fr.skytasul.quests.rewards.XPReward)
[10:56:33] [DEBUG] Quest object registered in registry rewards (id: checkpointReward, class: fr.skytasul.quests.rewards.CheckpointReward)
[10:56:33] [DEBUG] Quest object registered in registry rewards (id: questStopReward, class: fr.skytasul.quests.rewards.QuestStopReward)
[10:56:33] [DEBUG] Quest object registered in registry rewards (id: requirementDependentReward, class: fr.skytasul.quests.rewards.RequirementDependentReward)
[10:56:33] [DEBUG] Quest object registered in registry rewards (id: randomReward, class: fr.skytasul.quests.rewards.RandomReward)
[10:56:33] [DEBUG] Quest object registered in registry rewards (id: wait, class: fr.skytasul.quests.rewards.WaitReward)
[10:56:33] [DEBUG] Quest object registered in registry rewards (id: titleReward, class: fr.skytasul.quests.rewards.TitleReward)
[10:56:33] [DEBUG] Initlializing default requirements.
[10:56:33] [DEBUG] Quest object registered in registry requirements (id: logicalOr, class: fr.skytasul.quests.requirements.logical.LogicalOrRequirement)
[10:56:33] [DEBUG] Quest object registered in registry requirements (id: questRequired, class: fr.skytasul.quests.requirements.QuestRequirement)
[10:56:33] [DEBUG] Quest object registered in registry requirements (id: levelRequired, class: fr.skytasul.quests.requirements.LevelRequirement)
[10:56:33] [DEBUG] Quest object registered in registry requirements (id: permissionRequired, class: fr.skytasul.quests.requirements.PermissionsRequirement)
[10:56:33] [DEBUG] Quest object registered in registry requirements (id: scoreboardRequired, class: fr.skytasul.quests.requirements.ScoreboardRequirement)
[10:56:33] [DEBUG] Quest object registered in registry requirements (id: equipmentRequired, class: fr.skytasul.quests.requirements.EquipmentRequirement)
[10:56:33] [DEBUG] Initlializing default quest options.
[10:56:33] [DEBUG] Quest option registered (id: pool)
[10:56:33] [DEBUG] Quest option registered (id: name)
[10:56:33] [DEBUG] Quest option registered (id: description)
[10:56:33] [DEBUG] Quest option registered (id: customItem)
[10:56:33] [DEBUG] Quest option registered (id: confirmMessage)
[10:56:33] [DEBUG] Quest option registered (id: hologramText)
[10:56:33] [DEBUG] Quest option registered (id: bypassLimit)
[10:56:33] [DEBUG] Quest option registered (id: startableFromGUI)
[10:56:33] [DEBUG] Quest option registered (id: failOnDeath)
[10:56:33] [DEBUG] Quest option registered (id: cancellable)
[10:56:33] [DEBUG] Quest option registered (id: cancelActions)
[10:56:33] [DEBUG] Quest option registered (id: hologramLaunch)
[10:56:33] [DEBUG] Quest option registered (id: hologramLaunchNo)
[10:56:33] [DEBUG] Quest option registered (id: scoreboard)
[10:56:33] [DEBUG] Quest option registered (id: hideNoRequirements)
[10:56:33] [DEBUG] Quest option registered (id: auto)
[10:56:33] [DEBUG] Quest option registered (id: repeatable)
[10:56:33] [DEBUG] Quest option registered (id: timer)
[10:56:33] [DEBUG] Quest option registered (id: visibility)
[10:56:33] [DEBUG] Quest option registered (id: endSound)
[10:56:33] [DEBUG] Quest option registered (id: firework)
[10:56:33] [DEBUG] Quest option registered (id: requirements)
[10:56:33] [DEBUG] Quest option registered (id: startRewards)
[10:56:33] [DEBUG] Quest option registered (id: startMessage)
[10:56:33] [DEBUG] Quest option registered (id: starterNPC)
[10:56:33] [DEBUG] Quest option registered (id: startDialog)
[10:56:33] [DEBUG] Quest option registered (id: endRewards)
[10:56:33] [DEBUG] Quest option registered (id: endMsg)
[10:56:33] [DEBUG] Item comparison registered (id: bukkit)
[10:56:33] [DEBUG] Item comparison registered (id: customBukkit)
[10:56:33] [DEBUG] Item comparison registered (id: material)
[10:56:33] [DEBUG] Item comparison registered (id: name)
[10:56:33] [DEBUG] Item comparison registered (id: lore)
[10:56:33] [DEBUG] Item comparison registered (id: enchants)
[10:56:33] [DEBUG] Item comparison registered (id: repair)
[10:56:33] [DEBUG] Mob factory registered (id: bukkitEntity)
[10:56:33] [DEBUG] Bossbars manager has been registered: fr.skytasul.quests.api.bossbar.BQBossBarImplementation
[10:56:33] [DEBUG] Brigadier registered!
[10:56:33] [DEBUG] Mob factory registered (id: citizensNPC)
[10:56:33] [DEBUG] Now using WorldGuard entry API.
[10:56:33] [DEBUG] Stage registered (Find, 19)
[10:56:33] [DEBUG] Quest object registered in registry requirements (id: regionRequired, class: fr.skytasul.quests.requirements.RegionRequirement)
[10:56:33] [DEBUG] Mob factory registered (id: mythicMobs)
[10:56:33] [DEBUG] Quest object registered in registry rewards (id: moneyReward, class: fr.skytasul.quests.rewards.MoneyReward)
[10:56:33] [DEBUG] Quest object registered in registry rewards (id: permReward, class: fr.skytasul.quests.rewards.PermissionReward)
[10:56:33] [DEBUG] Quest object registered in registry requirements (id: moneyRequired, class: fr.skytasul.quests.requirements.MoneyRequirement)
[10:56:33] [DEBUG] Quest object registered in registry requirements (id: mcmmoSklillLevelRequired, class: fr.skytasul.quests.requirements.McMMOSkillRequirement)
[10:56:33] [DEBUG] Started bStats metrics
[10:56:33] [DEBUG] Starting Spigot updater
[10:56:35] [INFO] You are using the latest version of BeautyQuests.
[10:56:35] [DEBUG] 0 accounts loaded and 1 identifiers.
[10:56:35] [DEBUG] Registered 5 lines in scoreboard
[10:56:35] [INFO] 0 quests loaded (0.019s)!
[10:56:35] [INFO] Periodic saves task started (18000 ticks). Task ID: 98
[10:59:47] [DEBUG] Wensomt (248b038c-61b6-4848-abff-cca83c83bee3) joined the server
[10:59:47] [DEBUG] Loading player Wensomt...
[10:59:48] [DEBUG] New account registered for Wensomt (248b038c-61b6-4848-abff-cca83c83bee3), index 2 via f.s.q.players.PlayersManager.tryLoad 176 -> f.s.q.players.PlayersManager.tryLoad 176
[10:59:48] [DEBUG] Completed load of Wensomt (248b038c-61b6-4848-abff-cca83c83bee3 (#2)) datas within 423 ms (0 quests, 0 pools)
[11:11:35] [DEBUG] Saving 1 loaded accounts and 2 identifiers.
[11:11:35] [DEBUG] Saved datas (0.019s)!
[11:11:35] [INFO] Datas saved ~ periodic save
[11:26:35] [DEBUG] Saving 1 loaded accounts and 2 identifiers.
[11:26:35] [DEBUG] Saved datas (0.012s)!
[11:26:35] [INFO] Datas saved ~ periodic save
[11:28:44] [DEBUG] Wensomt left the server
[11:28:44] [DEBUG] Unloading player Wensomt... (0 quests, 0 pools)
[11:41:35] [DEBUG] Saving 0 loaded accounts and 2 identifiers.
[11:41:35] [DEBUG] Saved datas (0.015s)!
[11:41:35] [INFO] Datas saved ~ periodic save
[11:56:35] [DEBUG] Saving 0 loaded accounts and 2 identifiers.
[11:56:35] [DEBUG] Saved datas (0.008s)!
[11:56:35] [INFO] Datas saved ~ periodic save
[12:11:35] [DEBUG] Saving 0 loaded accounts and 2 identifiers.
[12:11:35] [DEBUG] Saved datas (0.019s)!
[12:11:35] [INFO] Datas saved ~ periodic save
[12:25:49] [DEBUG] Wensomt (248b038c-61b6-4848-abff-cca83c83bee3) joined the server
[12:25:49] [DEBUG] Loading player Wensomt...
[12:25:49] [DEBUG] Loading account #2. Last file edition: Fri Apr 21 11:28:44 UTC 2023
[12:25:49] [DEBUG] Completed load of Wensomt (248b038c-61b6-4848-abff-cca83c83bee3 (#2)) datas within 201 ms (0 quests, 0 pools) | Loaded from file from index
[12:26:35] [DEBUG] Saving 1 loaded accounts and 2 identifiers.
[12:26:35] [DEBUG] Saved datas (0.002s)!
[12:26:35] [INFO] Datas saved ~ periodic save
[12:41:35] [DEBUG] Saving 1 loaded accounts and 2 identifiers.
[12:41:35] [DEBUG] Saved datas (0.02s)!
[12:41:35] [INFO] Datas saved ~ periodic save
[12:56:35] [DEBUG] Saving 1 loaded accounts and 2 identifiers.
[12:56:35] [DEBUG] Saved datas (0.003s)!
[12:56:35] [INFO] Datas saved ~ periodic save
[13:11:35] [DEBUG] Saving 1 loaded accounts and 2 identifiers.
[13:11:35] [DEBUG] Saved datas (0.04s)!
[13:11:35] [INFO] Datas saved ~ periodic save
[13:26:35] [DEBUG] Saving 1 loaded accounts and 2 identifiers.
[13:26:35] [DEBUG] Saved datas (0.003s)!
[13:26:35] [INFO] Datas saved ~ periodic save
[13:41:14] [DEBUG] Wensomt executed command: quest 
[13:41:14] [DEBUG] Wensomt has opened inventory fr.skytasul.quests.gui.quests.PlayerListGUI.
[13:41:35] [DEBUG] Saving 1 loaded accounts and 2 identifiers.
[13:41:35] [DEBUG] Saved datas (0.018s)!
[13:41:35] [INFO] Datas saved ~ periodic save
[13:52:26] [DEBUG] Wensomt left the server
[13:52:26] [DEBUG] Unloading player Wensomt... (0 quests, 0 pools)
[13:54:57] [INFO] Disabling BeautyQuests v0.20.1
[13:54:57] [INFO] Periodic saves task stopped.
[13:54:57] [DEBUG] Saving 0 loaded accounts and 2 identifiers.
[13:54:57] [DEBUG] Saved datas (0.002s)!
[13:54:57] [DEBUG] Unregistered from WorldGuard entry API.
[13:54:57] Logger was open during 2 hours 58 minutes
[13:54:57] ---- BEAUTYQUESTS LOGGER - CLOSED Fri Apr 21 13:54:57 UTC 2023 ----
